-------------------------------------------------------------------------------
Test set: br.com.icastell.restapioms.RestapiomsApplicationTests
-------------------------------------------------------------------------------
Tests run: 1, Failures: 0, Errors: 1, Skipped: 0, Time elapsed: 18.861 s <<< FAILURE! - in br.com.icastell.restapioms.RestapiomsApplicationTests
contextLoads  Time elapsed: 0.053 s  <<< ERROR!
java.lang.IllegalStateException: Failed to load ApplicationContext
Caused by: org.springframework.beans.factory.BeanCreationException: Error creating bean with name 'instantiateTestDatabase' defined in class path resource [br/com/icastell/restapioms/config/DevConfig.class]: Bean instantiation via factory method failed; nested exception is org.springframework.beans.BeanInstantiationException: Failed to instantiate [boolean]: Factory method 'instantiateTestDatabase' threw exception; nested exception is org.springframework.dao.InvalidDataAccessResourceUsageException: could not execute statement; SQL [n/a]; nested exception is org.hibernate.exception.SQLGrammarException: could not execute statement
Caused by: org.springframework.beans.BeanInstantiationException: Failed to instantiate [boolean]: Factory method 'instantiateTestDatabase' threw exception; nested exception is org.springframework.dao.InvalidDataAccessResourceUsageException: could not execute statement; SQL [n/a]; nested exception is org.hibernate.exception.SQLGrammarException: could not execute statement
Caused by: org.springframework.dao.InvalidDataAccessResourceUsageException: could not execute statement; SQL [n/a]; nested exception is org.hibernate.exception.SQLGrammarException: could not execute statement
Caused by: org.hibernate.exception.SQLGrammarException: could not execute statement
Caused by: org.postgresql.util.PSQLException: 
ERROR: relation "category" does not exist
  Posição: 13

